<?xml version="1.0" encoding="UTF-8"?>
<testsuite name="com.gracenam.book.springboot.web.dto.HelloResponseDtoTest" tests="1" skipped="0" failures="0" errors="0" timestamp="2020-09-21T09:43:50" hostname="Grace-Namui-MacBookPro.local" time="0.065">
  <properties/>
  <testcase name="lombok_Test" classname="com.gracenam.book.springboot.web.dto.HelloResponseDtoTest" time="0.065"/>
  <system-out><![CDATA[]]></system-out>
  <system-err><![CDATA[]]></system-err>
</testsuite>
